<?xml version="1.0" encoding="UTF-8"?>
<!-- Generated by org.testng.reporters.JUnitReportReporter -->
<testsuite hostname="DESKTOP-HIN4ESK" failures="0" tests="1" name="form_fillingandchecking.form_fillingandchecking" time="6.701" errors="0" timestamp="2024-08-24T19:05:55 IST" skipped="0">
  <testcase classname="form_fillingandchecking.form_fillingandchecking" name="formfilling" time="6.701"/>
</testsuite> <!-- form_fillingandchecking.form_fillingandchecking -->
