<?xml version="1.0" encoding="UTF-8"?>
<!-- Generated by org.testng.reporters.JUnitReportReporter -->
<testsuite hostname="DESKTOP-HIN4ESK" failures="0" tests="1" name="Formfillandedit.formfillandeditanddelete" time="3.474" errors="0" timestamp="2024-08-25T08:45:38 IST" skipped="0">
  <testcase classname="Formfillandedit.formfillandeditanddelete" name="f" time="3.474"/>
</testsuite> <!-- Formfillandedit.formfillandeditanddelete -->
