<?xml version="1.0" encoding="UTF-8"?>
<!-- Generated by org.testng.reporters.JUnitReportReporter -->
<testsuite hostname="DESKTOP-HIN4ESK" failures="0" tests="1" name="Pages.deletepage" time="0.002" errors="0" timestamp="2024-08-25T09:46:19 IST" skipped="0">
  <testcase classname="Pages.deletepage" name="f" time="0.002"/>
</testsuite> <!-- Pages.deletepage -->
