<?xml version="1.0" encoding="UTF-8"?>
<!-- Generated by org.testng.reporters.JUnitReportReporter -->
<testsuite hostname="DESKTOP-HIN4ESK" failures="0" tests="11" name="Tests.formfilling_Tests" time="52.997" errors="0" timestamp="2024-08-26T19:19:16 IST" skipped="0">
  <testcase classname="Tests.formfilling_Tests" name="afterformfill" time="4.090"/>
  <system-out/>
  <testcase classname="Tests.formfilling_Tests" name="afterformfill" time="3.712"/>
  <system-out/>
  <testcase classname="Tests.formfilling_Tests" name="afterformfill" time="3.709"/>
  <system-out/>
  <testcase classname="Tests.formfilling_Tests" name="afterformfill" time="3.806"/>
  <system-out/>
  <testcase classname="Tests.formfilling_Tests" name="afterformfill" time="3.696"/>
  <system-out/>
  <testcase classname="Tests.formfilling_Tests" name="afterformfill" time="3.696"/>
  <system-out/>
  <testcase classname="Tests.formfilling_Tests" name="afterformfill" time="3.727"/>
  <system-out/>
  <testcase classname="Tests.formfilling_Tests" name="afterformfill" time="4.374"/>
  <system-out/>
  <testcase classname="Tests.formfilling_Tests" name="afterformfill" time="4.537"/>
  <system-out/>
  <testcase classname="Tests.formfilling_Tests" name="afterformfill" time="3.704"/>
  <system-out/>
  <testcase classname="Tests.formfilling_Tests" name="edit" time="13.946"/>
  <system-out/>
</testsuite> <!-- Tests.formfilling_Tests -->
