<?xml version="1.0" encoding="UTF-8"?>
<!-- Generated by org.testng.reporters.JUnitReportReporter -->
<testsuite hostname="DESKTOP-HIN4ESK" failures="0" tests="1" name="Pages.EditPage" time="0.009" errors="0" timestamp="2024-08-24T20:07:04 IST" skipped="0">
  <testcase classname="Pages.EditPage" name="f" time="0.009"/>
</testsuite> <!-- Pages.EditPage -->
